<?xml version="1.0" encoding="UTF-8" ?>
<testsuite tests="10" failures="0" name="test.java.test.java.com.google.sps.FindMatchQueryTest" time="0.029" errors="0" skipped="0">
  <properties>
    <property name="java.runtime.name" value="OpenJDK Runtime Environment"/>
    <property name="java.vm.version" value="14.0.1+7"/>
    <property name="sun.boot.library.path" value="/home/grantjustice/.jdks/openjdk-14.0.1/lib"/>
    <property name="maven.multiModuleProjectDirectory" value="/home/grantjustice/IdeaProjects/Ad-lib"/>
    <property name="java.vm.vendor" value="Oracle Corporation"/>
    <property name="java.vendor.url" value="https://java.oracle.com/"/>
    <property name="guice.disable.misplaced.annotation.check" value="true"/>
    <property name="path.separator" value=":"/>
    <property name="java.vm.name" value="OpenJDK 64-Bit Server VM"/>
    <property name="user.country" value="US"/>
    <property name="sun.java.launcher" value="SUN_STANDARD"/>
    <property name="java.vm.specification.name" value="Java Virtual Machine Specification"/>
    <property name="user.dir" value="/home/grantjustice/IdeaProjects/Ad-lib"/>
    <property name="java.vm.compressedOopsMode" value="Zero based"/>
    <property name="java.runtime.version" value="14.0.1+7"/>
    <property name="os.arch" value="amd64"/>
    <property name="java.io.tmpdir" value="/tmp"/>
    <property name="line.separator" value="
"/>
    <property name="java.vm.specification.vendor" value="Oracle Corporation"/>
    <property name="os.name" value="Linux"/>
    <property name="maven.ext.class.path" value="/home/grantjustice/idea-IU-201.7846.76/plugins/maven/lib/maven-event-listener.jar"/>
    <property name="classworlds.conf" value="/home/grantjustice/idea-IU-201.7846.76/plugins/maven/lib/maven3/bin/m2.conf"/>
    <property name="sun.jnu.encoding" value="UTF-8"/>
    <property name="java.library.path" value="/usr/java/packages/lib:/usr/lib64:/lib64:/lib:/usr/lib"/>
    <property name="maven.conf" value="/home/grantjustice/idea-IU-201.7846.76/plugins/maven/lib/maven3/conf"/>
    <property name="jdk.debug" value="release"/>
    <property name="java.class.version" value="58.0"/>
    <property name="java.specification.name" value="Java Platform API Specification"/>
    <property name="sun.management.compiler" value="HotSpot 64-Bit Tiered Compilers"/>
    <property name="os.version" value="4.19.113-08528-g5803a1c7e9f9"/>
    <property name="user.home" value="/home/grantjustice"/>
    <property name="user.timezone" value="America/New_York"/>
    <property name="file.encoding" value="UTF-8"/>
    <property name="java.specification.version" value="14"/>
    <property name="user.name" value="grantjustice"/>
    <property name="java.class.path" value="/home/grantjustice/idea-IU-201.7846.76/plugins/maven/lib/maven3/boot/plexus-classworlds-2.6.0.jar:/home/grantjustice/idea-IU-201.7846.76/plugins/maven/lib/maven3/boot/plexus-classworlds.license"/>
    <property name="java.vm.specification.version" value="14"/>
    <property name="sun.arch.data.model" value="64"/>
    <property name="sun.java.command" value="org.codehaus.classworlds.Launcher -Didea.version2020.1.2 install -f /home/grantjustice/IdeaProjects/Ad-lib/backend/pom.xml"/>
    <property name="java.home" value="/home/grantjustice/.jdks/openjdk-14.0.1"/>
    <property name="user.language" value="en"/>
    <property name="java.specification.vendor" value="Oracle Corporation"/>
    <property name="idea.version2020.1.2" value="true"/>
    <property name="java.vm.info" value="mixed mode, sharing"/>
    <property name="java.version" value="14.0.1"/>
    <property name="securerandom.source" value="file:/dev/./urandom"/>
    <property name="java.vendor" value="Oracle Corporation"/>
    <property name="maven.home" value="/home/grantjustice/idea-IU-201.7846.76/plugins/maven/lib/maven3"/>
    <property name="file.separator" value="/"/>
    <property name="java.version.date" value="2020-04-14"/>
    <property name="java.vendor.url.bug" value="https://bugreport.java.com/bugreport/"/>
    <property name="sun.io.unicode.encoding" value="UnicodeLittle"/>
    <property name="sun.cpu.endian" value="little"/>
  </properties>
  <testcase classname="test.java.test.java.com.google.sps.FindMatchQueryTest" name="compatibleTime" time="0.021"/>
  <testcase classname="test.java.test.java.com.google.sps.FindMatchQueryTest" name="barelyNotCompatible" time="0"/>
  <testcase classname="test.java.test.java.com.google.sps.FindMatchQueryTest" name="compatibleDiffTimezones" time="0.007"/>
  <testcase classname="test.java.test.java.com.google.sps.FindMatchQueryTest" name="barelyCompatible" time="0"/>
  <testcase classname="test.java.test.java.com.google.sps.FindMatchQueryTest" name="compatibleWithoutConsideringTimezone" time="0"/>
  <testcase classname="test.java.test.java.com.google.sps.FindMatchQueryTest" name="compatibleTimeAndDuration" time="0.001"/>
  <testcase classname="test.java.test.java.com.google.sps.FindMatchQueryTest" name="threeParticipantsAC" time="0"/>
  <testcase classname="test.java.test.java.com.google.sps.FindMatchQueryTest" name="threeParticipantsBC" time="0"/>
  <testcase classname="test.java.test.java.com.google.sps.FindMatchQueryTest" name="threeParticipantsTwoMatches" time="0"/>
  <testcase classname="test.java.test.java.com.google.sps.FindMatchQueryTest" name="compatibleDuration" time="0"/>
</testsuite>